<?xml version="1.0" encoding="UTF-8"?>
<testng-results skipped="0" failed="0" ignored="0" total="7" passed="7">
  <reporter-output>
  </reporter-output>
  <suite name="Default suite" duration-ms="29282" started-at="2023-01-20T22:15:25 IST" finished-at="2023-01-20T22:15:55 IST">
    <groups>
    </groups>
    <test name="Default test" duration-ms="29282" started-at="2023-01-20T22:15:25 IST" finished-at="2023-01-20T22:15:55 IST">
      <class name="com.Amazon.Amazon_Project">
        <test-method status="PASS" signature="browser_Launch()[pri:0, instance:com.Amazon.Amazon_Project@77ec78b9]" name="browser_Launch" is-config="true" duration-ms="2076" started-at="2023-01-20T22:15:25 IST" finished-at="2023-01-20T22:15:27 IST">
          <reporter-output>
          </reporter-output>
        </test-method> <!-- browser_Launch -->
        <test-method status="PASS" signature="url_Launch()[pri:0, instance:com.Amazon.Amazon_Project@77ec78b9]" name="url_Launch" is-config="true" duration-ms="2492" started-at="2023-01-20T22:15:27 IST" finished-at="2023-01-20T22:15:30 IST">
          <reporter-output>
          </reporter-output>
        </test-method> <!-- url_Launch -->
        <test-method status="PASS" signature="drop_down()[pri:0, instance:com.Amazon.Amazon_Project@77ec78b9]" name="drop_down" duration-ms="1285" started-at="2023-01-20T22:15:30 IST" finished-at="2023-01-20T22:15:31 IST">
          <reporter-output>
          </reporter-output>
        </test-method> <!-- drop_down -->
        <test-method status="PASS" signature="select()[pri:1, instance:com.Amazon.Amazon_Project@77ec78b9]" name="select" duration-ms="7451" started-at="2023-01-20T22:15:31 IST" finished-at="2023-01-20T22:15:39 IST">
          <reporter-output>
          </reporter-output>
        </test-method> <!-- select -->
        <test-method status="PASS" signature="first_Product()[pri:2, instance:com.Amazon.Amazon_Project@77ec78b9]" name="first_Product" duration-ms="309" started-at="2023-01-20T22:15:39 IST" finished-at="2023-01-20T22:15:39 IST">
          <reporter-output>
          </reporter-output>
        </test-method> <!-- first_Product -->
        <test-method status="PASS" signature="window_handle()[pri:3, instance:com.Amazon.Amazon_Project@77ec78b9]" name="window_handle" duration-ms="105" started-at="2023-01-20T22:15:39 IST" finished-at="2023-01-20T22:15:39 IST">
          <reporter-output>
          </reporter-output>
        </test-method> <!-- window_handle -->
        <test-method status="PASS" signature="add_To_Cart()[pri:4, instance:com.Amazon.Amazon_Project@77ec78b9]" name="add_To_Cart" duration-ms="5711" started-at="2023-01-20T22:15:39 IST" finished-at="2023-01-20T22:15:45 IST">
          <reporter-output>
          </reporter-output>
        </test-method> <!-- add_To_Cart -->
        <test-method status="PASS" signature="cart_Checkout()[pri:5, instance:com.Amazon.Amazon_Project@77ec78b9]" name="cart_Checkout" duration-ms="9514" started-at="2023-01-20T22:15:45 IST" finished-at="2023-01-20T22:15:54 IST">
          <reporter-output>
          </reporter-output>
        </test-method> <!-- cart_Checkout -->
        <test-method status="PASS" signature="screenShot()[pri:6, instance:com.Amazon.Amazon_Project@77ec78b9]" name="screenShot" duration-ms="295" started-at="2023-01-20T22:15:54 IST" finished-at="2023-01-20T22:15:55 IST">
          <reporter-output>
          </reporter-output>
        </test-method> <!-- screenShot -->
        <test-method status="PASS" signature="close1()[pri:0, instance:com.Amazon.Amazon_Project@77ec78b9]" name="close1" is-config="true" duration-ms="0" started-at="2023-01-20T22:15:55 IST" finished-at="2023-01-20T22:15:55 IST">
          <reporter-output>
          </reporter-output>
        </test-method> <!-- close1 -->
      </class> <!-- com.Amazon.Amazon_Project -->
    </test> <!-- Default test -->
  </suite> <!-- Default suite -->
</testng-results>
